c:\users\nathaniel\desktop\realtimesucceeding2\realtimesucceeding2\debug\vc140.pdb
c:\users\nathaniel\desktop\realtimesucceeding2\realtimesucceeding2\debug\vc140.idb
c:\users\nathaniel\desktop\realtimesucceeding2\realtimesucceeding2\debug\gameobject.obj
c:\users\nathaniel\desktop\realtimesucceeding2\realtimesucceeding2\debug\gamestate.obj
c:\users\nathaniel\desktop\realtimesucceeding2\realtimesucceeding2\debug\gameworld.obj
c:\users\nathaniel\desktop\realtimesucceeding2\realtimesucceeding2\debug\main.obj
c:\users\nathaniel\desktop\realtimesucceeding2\realtimesucceeding2\debug\map.obj
c:\users\nathaniel\desktop\realtimesucceeding2\realtimesucceeding2\debug\maptile.obj
c:\users\nathaniel\desktop\realtimesucceeding2\realtimesucceeding2\debug\messagesystem.obj
c:\users\nathaniel\desktop\realtimesucceeding2\realtimesucceeding2\debug\renderlayer.obj
c:\users\nathaniel\desktop\realtimesucceeding2\realtimesucceeding2\debug\rtsunit.obj
c:\users\nathaniel\desktop\realtimesucceeding2\realtimesucceeding2\debug\testlevel.obj
c:\users\nathaniel\desktop\realtimesucceeding2\realtimesucceeding2\debug\viz.obj
c:\users\nathaniel\desktop\realtimesucceeding2\realtimesucceeding2\debug\playercontroller_rts.obj
c:\users\nathaniel\desktop\realtimesucceeding2\realtimesucceeding2\debug\buildingpiece.obj
c:\users\nathaniel\desktop\realtimesucceeding2\realtimesucceeding2\debug\rtsbuilding.obj
c:\users\nathaniel\desktop\realtimesucceeding2\realtimesucceeding2\debug\entity.obj
c:\users\nathaniel\desktop\realtimesucceeding2\realtimesucceeding2\debug\playerunit.obj
c:\users\nathaniel\desktop\realtimesucceeding2\realtimesucceeding2\debug\particle.obj
c:\users\nathaniel\desktop\realtimesucceeding2\realtimesucceeding2\debug\playerbullet.obj
c:\users\nathaniel\desktop\realtimesucceeding2\debug\realtimesucceeding2.ilk
c:\users\nathaniel\desktop\realtimesucceeding2\debug\realtimesucceeding2.exe
c:\users\nathaniel\desktop\realtimesucceeding2\debug\realtimesucceeding2.pdb
c:\users\nathaniel\desktop\realtimesucceeding2\realtimesucceeding2\debug\gameworld.obj.enc
c:\users\nathaniel\desktop\realtimesucceeding2\realtimesucceeding2\debug\playercontroller_rts.obj.enc
c:\users\nathaniel\desktop\realtimesucceeding2\realtimesucceeding2\debug\realtime.9f3bbd06.tlog\cl.command.1.tlog
c:\users\nathaniel\desktop\realtimesucceeding2\realtimesucceeding2\debug\realtime.9f3bbd06.tlog\cl.read.1.tlog
c:\users\nathaniel\desktop\realtimesucceeding2\realtimesucceeding2\debug\realtime.9f3bbd06.tlog\cl.write.1.tlog
c:\users\nathaniel\desktop\realtimesucceeding2\realtimesucceeding2\debug\realtime.9f3bbd06.tlog\link.command.1.tlog
c:\users\nathaniel\desktop\realtimesucceeding2\realtimesucceeding2\debug\realtime.9f3bbd06.tlog\link.read.1.tlog
c:\users\nathaniel\desktop\realtimesucceeding2\realtimesucceeding2\debug\realtime.9f3bbd06.tlog\link.write.1.tlog
